<?xml version="1.0" encoding="UTF-8"?>
<testsuite xmlns:xsi="http://www.w3.org/2001/XMLSchema-instance" xsi:noNamespaceSchemaLocation="https://maven.apache.org/surefire/maven-surefire-plugin/xsd/surefire-test-report.xsd" name="com.fox.AppTest" time="0.212" tests="6" errors="0" skipped="0" failures="0">
  <properties>
[...]
</properties>
  <testcase name="newFixedThreadPool" classname="com.fox.AppTest" time="0.008"/>
  <testcase name="testgetIntVolatile" classname="com.fox.AppTest" time="0.012"/>
  <testcase name="shouldAnswerWithTrue" classname="com.fox.AppTest" time="0"/>
  <testcase name="newSingleThreadExecutor" classname="com.fox.AppTest" time="0"/>
  <testcase name="newCachedThreadPool" classname="com.fox.AppTest" time="0"/>
  <testcase name="newScheduledThreadPool" classname="com.fox.AppTest" time="0.004"/>
</testsuite>